<?xml version="1.0" encoding="UTF-8"?>
<!-- Generated by org.testng.reporters.JUnitReportReporter -->
<testsuite hostname="DESKTOP-SP944KL" name="TestCases.VerifyHomePage" tests="1" failures="0" timestamp="5 Nov 2017 05:01:31 GMT" time="21.373" errors="0">
  <testcase name="testHomePage" time="21.373" classname="TestCases.VerifyHomePage"/>
</testsuite> <!-- TestCases.VerifyHomePage -->
